# JRE version: OpenJDK Runtime Environment (17.0.10) (build 17.0.10+0--11572160)
# Java VM: OpenJDK 64-Bit Server VM (17.0.10+0--11572160, mixed mode, tiered, compressed oops, compressed class ptrs, g1 gc, windows-amd64)
GC Precious Log:
 CPUs: 16 total, 16 available
 Memory: 15776M
 Large Page Support: Disabled
 NUMA Support: Disabled
 Compressed Oops: Enabled (32-bit)
 Heap Region Size: 1M
 Heap Min Capacity: 8M
 Heap Initial Capacity: 248M
 Heap Max Capacity: 2G
 Pre-touch: Disabled
 Parallel Workers: 13
 Concurrent Workers: 3
 Concurrent Refinement Workers: 13
 Periodic GC: Disabled
Heap:
 garbage-first heap   total 115712K, used 76630K [0x0000000080000000, 0x0000000100000000)
  region size 1024K, 45 young (46080K), 1 survivors (1024K)
 Metaspace       used 44766K, committed 45120K, reserved 1114112K
  class space    used 5919K, committed 6080K, reserved 1048576K
GC Heap History (20 events):
Event: 0.568 GC heap before
{Heap before GC invocations=0 (full 0):
 garbage-first heap   total 253952K, used 26624K [0x0000000080000000, 0x0000000100000000)
  region size 1024K, 23 young (23552K), 0 survivors (0K)
 Metaspace       used 10496K, committed 10688K, reserved 1114112K
  class space    used 1088K, committed 1152K, reserved 1048576K
}
Event: 0.575 GC heap after
{Heap after GC invocations=1 (full 0):
 garbage-first heap   total 253952K, used 10816K [0x0000000080000000, 0x0000000100000000)
  region size 1024K, 3 young (3072K), 3 survivors (3072K)
 Metaspace       used 10496K, committed 10688K, reserved 1114112K
  class space    used 1088K, committed 1152K, reserved 1048576K
}
Event: 0.985 GC heap before
{Heap before GC invocations=1 (full 0):
 garbage-first heap   total 253952K, used 38464K [0x0000000080000000, 0x0000000100000000)
  region size 1024K, 30 young (30720K), 3 survivors (3072K)
 Metaspace       used 11528K, committed 11712K, reserved 1114112K
  class space    used 1200K, committed 1280K, reserved 1048576K
}
Event: 0.989 GC heap after
{Heap after GC invocations=2 (full 0):
 garbage-first heap   total 253952K, used 11261K [0x0000000080000000, 0x0000000100000000)
  region size 1024K, 1 young (1024K), 1 survivors (1024K)
 Metaspace       used 11528K, committed 11712K, reserved 1114112K
  class space    used 1200K, committed 1280K, reserved 1048576K
}
Event: 2.138 GC heap before
{Heap before GC invocations=2 (full 0):
 garbage-first heap   total 253952K, used 62461K [0x0000000080000000, 0x0000000100000000)
  region size 1024K, 51 young (52224K), 1 survivors (1024K)
 Metaspace       used 21280K, committed 21504K, reserved 1114112K
  class space    used 2494K, committed 2624K, reserved 1048576K
}
Event: 2.146 GC heap after
{Heap after GC invocations=3 (full 0):
 garbage-first heap   total 253952K, used 18781K [0x0000000080000000, 0x0000000100000000)
  region size 1024K, 9 young (9216K), 9 survivors (9216K)
 Metaspace       used 21280K, committed 21504K, reserved 1114112K
  class space    used 2494K, committed 2624K, reserved 1048576K
}
Event: 2.596 GC heap before
{Heap before GC invocations=4 (full 0):
 garbage-first heap   total 71680K, used 52573K [0x0000000080000000, 0x0000000100000000)
  region size 1024K, 42 young (43008K), 9 survivors (9216K)
 Metaspace       used 26219K, committed 26496K, reserved 1114112K
  class space    used 3337K, committed 3456K, reserved 1048576K
}
Event: 2.600 GC heap after
{Heap after GC invocations=5 (full 0):
 garbage-first heap   total 71680K, used 20367K [0x0000000080000000, 0x0000000100000000)
  region size 1024K, 2 young (2048K), 2 survivors (2048K)
 Metaspace       used 26219K, committed 26496K, reserved 1114112K
  class space    used 3337K, committed 3456K, reserved 1048576K
}
Event: 2.612 GC heap before
{Heap before GC invocations=5 (full 0):
 garbage-first heap   total 71680K, used 21391K [0x0000000080000000, 0x0000000100000000)
  region size 1024K, 3 young (3072K), 2 survivors (2048K)
 Metaspace       used 26357K, committed 26560K, reserved 1114112K
  class space    used 3363K, committed 3456K, reserved 1048576K
}
Event: 2.614 GC heap after
{Heap after GC invocations=6 (full 0):
 garbage-first heap   total 71680K, used 20782K [0x0000000080000000, 0x0000000100000000)
  region size 1024K, 1 young (1024K), 1 survivors (1024K)
 Metaspace       used 26357K, committed 26560K, reserved 1114112K
  class space    used 3363K, committed 3456K, reserved 1048576K
}
Event: 3.076 GC heap before
{Heap before GC invocations=6 (full 0):
 garbage-first heap   total 71680K, used 51502K [0x0000000080000000, 0x0000000100000000)
  region size 1024K, 31 young (31744K), 1 survivors (1024K)
 Metaspace       used 30607K, committed 30976K, reserved 1114112K
  class space    used 4065K, committed 4224K, reserved 1048576K
}
Event: 3.078 GC heap after
{Heap after GC invocations=7 (full 0):
 garbage-first heap   total 71680K, used 22582K [0x0000000080000000, 0x0000000100000000)
  region size 1024K, 3 young (3072K), 3 survivors (3072K)
 Metaspace       used 30607K, committed 30976K, reserved 1114112K
  class space    used 4065K, committed 4224K, reserved 1048576K
}
Event: 3.442 GC heap before
{Heap before GC invocations=7 (full 0):
 garbage-first heap   total 71680K, used 52278K [0x0000000080000000, 0x0000000100000000)
  region size 1024K, 32 young (32768K), 3 survivors (3072K)
 Metaspace       used 34180K, committed 34432K, reserved 1114112K
  class space    used 4659K, committed 4800K, reserved 1048576K
}
Event: 3.444 GC heap after
{Heap after GC invocations=8 (full 0):
 garbage-first heap   total 71680K, used 23648K [0x0000000080000000, 0x0000000100000000)
  region size 1024K, 2 young (2048K), 2 survivors (2048K)
 Metaspace       used 34180K, committed 34432K, reserved 1114112K
  class space    used 4659K, committed 4800K, reserved 1048576K
}
Event: 3.543 GC heap before
{Heap before GC invocations=8 (full 0):
 garbage-first heap   total 71680K, used 31840K [0x0000000080000000, 0x0000000100000000)
  region size 1024K, 11 young (11264K), 2 survivors (2048K)
 Metaspace       used 35689K, committed 35968K, reserved 1114112K
  class space    used 4854K, committed 4992K, reserved 1048576K
}
Event: 3.545 GC heap after
{Heap after GC invocations=9 (full 0):
 garbage-first heap   total 71680K, used 23921K [0x0000000080000000, 0x0000000100000000)
  region size 1024K, 2 young (2048K), 2 survivors (2048K)
 Metaspace       used 35689K, committed 35968K, reserved 1114112K
  class space    used 4854K, committed 4992K, reserved 1048576K
}
Event: 3.861 GC heap before
{Heap before GC invocations=10 (full 0):
 garbage-first heap   total 71680K, used 54641K [0x0000000080000000, 0x0000000100000000)
  region size 1024K, 33 young (33792K), 2 survivors (2048K)
 Metaspace       used 41047K, committed 41408K, reserved 1114112K
  class space    used 5419K, committed 5568K, reserved 1048576K
}
Event: 3.864 GC heap after
{Heap after GC invocations=11 (full 0):
 garbage-first heap   total 71680K, used 28120K [0x0000000080000000, 0x0000000100000000)
  region size 1024K, 5 young (5120K), 5 survivors (5120K)
 Metaspace       used 41047K, committed 41408K, reserved 1114112K
  class space    used 5419K, committed 5568K, reserved 1048576K
}
Event: 3.866 GC heap before
{Heap before GC invocations=11 (full 0):
 garbage-first heap   total 71680K, used 29144K [0x0000000080000000, 0x0000000100000000)
  region size 1024K, 6 young (6144K), 5 survivors (5120K)
 Metaspace       used 41047K, committed 41408K, reserved 1114112K
  class space    used 5419K, committed 5568K, reserved 1048576K
}
Event: 3.871 GC heap after
{Heap after GC invocations=12 (full 0):
 garbage-first heap   total 115712K, used 28502K [0x0000000080000000, 0x0000000100000000)
  region size 1024K, 1 young (1024K), 1 survivors (1024K)
 Metaspace       used 41047K, committed 41408K, reserved 1114112K
  class space    used 5419K, committed 5568K, reserved 1048576K
}

